2022-03-01 10:52:22.844  INFO 18012 --- [main] com.backend.login.LoginApplication       : Starting LoginApplication using Java 15.0.2 on DESKTOP-4C5GMJC with PID 18012 (C:\Users\ryanc\Documents\coms309\2_do_4\backend\login\target\classes started by ryanc in C:\Users\ryanc\Documents\coms309\2_do_4\backend\login)
2022-03-01 10:52:22.852  INFO 18012 --- [main] com.backend.login.LoginApplication       : No active profile set, falling back to default profiles: default
2022-03-01 10:52:22.853 DEBUG 18012 --- [main] o.s.boot.SpringApplication               : Loading source class com.backend.login.LoginApplication
2022-03-01 10:52:22.885 DEBUG 18012 --- [main] ConfigServletWebServerApplicationContext : Refreshing org.springframework.boot.web.servlet.context.AnnotationConfigServletWebServerApplicationContext@207b8649
2022-03-01 10:52:23.229  INFO 18012 --- [main] .s.d.r.c.RepositoryConfigurationDelegate : Bootstrapping Spring Data JPA repositories in DEFAULT mode.
2022-03-01 10:52:23.236 DEBUG 18012 --- [main] o.s.b.a.AutoConfigurationPackages        : @EnableAutoConfiguration was declared on a class in the package 'com.backend.login'. Automatic @Repository and @Entity scanning is enabled.
2022-03-01 10:52:23.259  INFO 18012 --- [main] .s.d.r.c.RepositoryConfigurationDelegate : Finished Spring Data repository scanning in 24 ms. Found 1 JPA repository interfaces.
2022-03-01 10:52:23.552 DEBUG 18012 --- [main] .s.b.w.e.t.TomcatServletWebServerFactory : Code archive: C:\Users\ryanc\.m2\repository\org\springframework\boot\spring-boot\2.6.3\spring-boot-2.6.3.jar
2022-03-01 10:52:23.553 DEBUG 18012 --- [main] .s.b.w.e.t.TomcatServletWebServerFactory : Code archive: C:\Users\ryanc\.m2\repository\org\springframework\boot\spring-boot\2.6.3\spring-boot-2.6.3.jar
2022-03-01 10:52:23.553 DEBUG 18012 --- [main] .s.b.w.e.t.TomcatServletWebServerFactory : None of the document roots [src/main/webapp, public, static] point to a directory and will be ignored.
2022-03-01 10:52:23.568  INFO 18012 --- [main] o.s.b.w.embedded.tomcat.TomcatWebServer  : Tomcat initialized with port(s): 12690 (http)
2022-03-01 10:52:23.576  INFO 18012 --- [main] o.apache.catalina.core.StandardService   : Starting service [Tomcat]
2022-03-01 10:52:23.576  INFO 18012 --- [main] org.apache.catalina.core.StandardEngine  : Starting Servlet engine: [Apache Tomcat/9.0.56]
2022-03-01 10:52:23.654  INFO 18012 --- [main] o.a.c.c.C.[Tomcat].[localhost].[/]       : Initializing Spring embedded WebApplicationContext
2022-03-01 10:52:23.654 DEBUG 18012 --- [main] w.s.c.ServletWebServerApplicationContext : Published root WebApplicationContext as ServletContext attribute with name [org.springframework.web.context.WebApplicationContext.ROOT]
2022-03-01 10:52:23.654  INFO 18012 --- [main] w.s.c.ServletWebServerApplicationContext : Root WebApplicationContext: initialization completed in 769 ms
2022-03-01 10:52:23.664 DEBUG 18012 --- [main] o.s.b.w.s.ServletContextInitializerBeans : Mapping filters: characterEncodingFilter urls=[/*] order=-2147483648, formContentFilter urls=[/*] order=-9900, requestContextFilter urls=[/*] order=-105
2022-03-01 10:52:23.664 DEBUG 18012 --- [main] o.s.b.w.s.ServletContextInitializerBeans : Mapping servlets: dispatcherServlet urls=[/]
2022-03-01 10:52:23.679 DEBUG 18012 --- [main] o.s.b.w.s.f.OrderedRequestContextFilter  : Filter 'requestContextFilter' configured for use
2022-03-01 10:52:23.679 DEBUG 18012 --- [main] s.b.w.s.f.OrderedCharacterEncodingFilter : Filter 'characterEncodingFilter' configured for use
2022-03-01 10:52:23.679 DEBUG 18012 --- [main] o.s.b.w.s.f.OrderedFormContentFilter     : Filter 'formContentFilter' configured for use
2022-03-01 10:52:23.776  INFO 18012 --- [main] o.hibernate.jpa.internal.util.LogHelper  : HHH000204: Processing PersistenceUnitInfo [name: default]
2022-03-01 10:52:23.811  INFO 18012 --- [main] org.hibernate.Version                    : HHH000412: Hibernate ORM core version 5.6.4.Final
2022-03-01 10:52:23.920  INFO 18012 --- [main] o.hibernate.annotations.common.Version   : HCANN000001: Hibernate Commons Annotations {5.1.2.Final}
2022-03-01 10:52:23.989  INFO 18012 --- [main] com.zaxxer.hikari.HikariDataSource       : HikariPool-1 - Starting...
2022-03-01 10:52:24.728  INFO 18012 --- [main] com.zaxxer.hikari.HikariDataSource       : HikariPool-1 - Start completed.
2022-03-01 10:52:24.769  INFO 18012 --- [main] org.hibernate.dialect.Dialect            : HHH000400: Using dialect: org.hibernate.dialect.MySQL8Dialect
2022-03-01 10:52:25.248  INFO 18012 --- [main] o.h.e.t.j.p.i.JtaPlatformInitiator       : HHH000490: Using JtaPlatform implementation: [org.hibernate.engine.transaction.jta.platform.internal.NoJtaPlatform]
2022-03-01 10:52:25.254  INFO 18012 --- [main] j.LocalContainerEntityManagerFactoryBean : Initialized JPA EntityManagerFactory for persistence unit 'default'
2022-03-01 10:52:25.423  WARN 18012 --- [main] JpaBaseConfiguration$JpaWebConfiguration : spring.jpa.open-in-view is enabled by default. Therefore, database queries may be performed during view rendering. Explicitly configure spring.jpa.open-in-view to disable this warning
2022-03-01 10:52:25.495 DEBUG 18012 --- [main] s.w.s.m.m.a.RequestMappingHandlerAdapter : ControllerAdvice beans: 0 @ModelAttribute, 0 @InitBinder, 1 RequestBodyAdvice, 1 ResponseBodyAdvice
2022-03-01 10:52:25.538 DEBUG 18012 --- [main] s.w.s.m.m.a.RequestMappingHandlerMapping : 6 mappings in 'requestMappingHandlerMapping'
2022-03-01 10:52:25.556 DEBUG 18012 --- [main] o.s.w.s.handler.SimpleUrlHandlerMapping  : Patterns [/webjars/**, /**] in 'resourceHandlerMapping'
2022-03-01 10:52:25.562 DEBUG 18012 --- [main] .m.m.a.ExceptionHandlerExceptionResolver : ControllerAdvice beans: 0 @ExceptionHandler, 1 ResponseBodyAdvice
2022-03-01 10:52:25.581 DEBUG 18012 --- [main] inMXBeanRegistrar$SpringApplicationAdmin : Application Admin MBean registered with name 'org.springframework.boot:type=Admin,name=SpringApplication'
2022-03-01 10:52:25.632  INFO 18012 --- [main] o.s.b.w.embedded.tomcat.TomcatWebServer  : Tomcat started on port(s): 12690 (http) with context path ''
